<?xml version="1.0" encoding="UTF-8"?>
<testng-results skipped="4" failed="0" total="4" passed="0">
  <reporter-output>
  </reporter-output>
  <suite name="Default suite" duration-ms="309455" started-at="2018-06-26T11:33:35Z" finished-at="2018-06-26T11:38:45Z">
    <groups>
    </groups>
    <test name="Default test" duration-ms="309455" started-at="2018-06-26T11:33:35Z" finished-at="2018-06-26T11:38:45Z">
      <class name="com.accenture.testing.selenium.BookTicketTest">
        <test-method status="FAIL" signature="beforeTest()[pri:0, instance:com.accenture.testing.selenium.BookTicketTest@26653222]" name="beforeTest" is-config="true" duration-ms="0" started-at="2018-06-26T17:03:35Z" finished-at="2018-06-26T17:03:35Z">
          <exception class="org.openqa.selenium.TimeoutException">
            <message>
              <![CDATA[timeout
  (Session info: chrome=67.0.3396.87)
  (Driver info: chromedriver=2.38.552522 (437e6fbedfa8762dec75e2c5b3ddb86763dc9dcb),platform=Windows NT 10.0.14393 x86_64) (WARNING: The server did not provide any stacktrace information)
Command duration or timeout: 300.06 seconds
Build info: version: '3.4.0', revision: 'unknown', time: 'unknown'
System info: host: 'P5-GL2GH92', ip: '192.168.56.70', os.name: 'Windows 10', os.arch: 'amd64', os.version: '10.0', java.version: '1.8.0_151'
Driver info: org.openqa.selenium.chrome.ChromeDriver
Capabilities [{applicationCacheEnabled=false, rotatable=false, mobileEmulationEnabled=false, networkConnectionEnabled=false, chrome={chromedriverVersion=2.38.552522 (437e6fbedfa8762dec75e2c5b3ddb86763dc9dcb), userDataDir=C:\Users\A06438~1.TRA\AppData\Local\Temp\scoped_dir6412_1706}, takesHeapSnapshot=true, pageLoadStrategy=normal, databaseEnabled=false, handlesAlerts=true, hasTouchScreen=false, version=67.0.3396.87, platform=XP, browserConnectionEnabled=false, nativeEvents=true, acceptSslCerts=false, acceptInsecureCerts=false, locationContextEnabled=true, webStorageEnabled=true, browserName=chrome, takesScreenshot=true, javascriptEnabled=true, cssSelectorsEnabled=true, setWindowRect=true, unexpectedAlertBehaviour=}]
Session ID: 905fc09bcab4e8cff4be4cc860c2ae1c]]>
            </message>
            <full-stacktrace>
              <![CDATA[org.openqa.selenium.TimeoutException: timeout
  (Session info: chrome=67.0.3396.87)
  (Driver info: chromedriver=2.38.552522 (437e6fbedfa8762dec75e2c5b3ddb86763dc9dcb),platform=Windows NT 10.0.14393 x86_64) (WARNING: The server did not provide any stacktrace information)
Command duration or timeout: 300.06 seconds
Build info: version: '3.4.0', revision: 'unknown', time: 'unknown'
System info: host: 'P5-GL2GH92', ip: '192.168.56.70', os.name: 'Windows 10', os.arch: 'amd64', os.version: '10.0', java.version: '1.8.0_151'
Driver info: org.openqa.selenium.chrome.ChromeDriver
Capabilities [{applicationCacheEnabled=false, rotatable=false, mobileEmulationEnabled=false, networkConnectionEnabled=false, chrome={chromedriverVersion=2.38.552522 (437e6fbedfa8762dec75e2c5b3ddb86763dc9dcb), userDataDir=C:\Users\A06438~1.TRA\AppData\Local\Temp\scoped_dir6412_1706}, takesHeapSnapshot=true, pageLoadStrategy=normal, databaseEnabled=false, handlesAlerts=true, hasTouchScreen=false, version=67.0.3396.87, platform=XP, browserConnectionEnabled=false, nativeEvents=true, acceptSslCerts=false, acceptInsecureCerts=false, locationContextEnabled=true, webStorageEnabled=true, browserName=chrome, takesScreenshot=true, javascriptEnabled=true, cssSelectorsEnabled=true, setWindowRect=true, unexpectedAlertBehaviour=}]
Session ID: 905fc09bcab4e8cff4be4cc860c2ae1c
	at sun.reflect.NativeConstructorAccessorImpl.newInstance0(Native Method)
	at sun.reflect.NativeConstructorAccessorImpl.newInstance(Unknown Source)
	at sun.reflect.DelegatingConstructorAccessorImpl.newInstance(Unknown Source)
	at java.lang.reflect.Constructor.newInstance(Unknown Source)
	at org.openqa.selenium.remote.ErrorHandler.createThrowable(ErrorHandler.java:215)
	at org.openqa.selenium.remote.ErrorHandler.throwIfResponseFailed(ErrorHandler.java:167)
	at org.openqa.selenium.remote.RemoteWebDriver.execute(RemoteWebDriver.java:671)
	at org.openqa.selenium.remote.RemoteWebDriver.get(RemoteWebDriver.java:364)
	at com.accenture.testing.selenium.BookTicketTest.beforeTest(BookTicketTest.java:99)
	at sun.reflect.NativeMethodAccessorImpl.invoke0(Native Method)
	at sun.reflect.NativeMethodAccessorImpl.invoke(Unknown Source)
	at sun.reflect.DelegatingMethodAccessorImpl.invoke(Unknown Source)
	at java.lang.reflect.Method.invoke(Unknown Source)
	at org.testng.internal.MethodInvocationHelper.invokeMethod(MethodInvocationHelper.java:84)
	at org.testng.internal.Invoker.invokeConfigurationMethod(Invoker.java:564)
	at org.testng.internal.Invoker.invokeConfigurations(Invoker.java:213)
	at org.testng.internal.Invoker.invokeConfigurations(Invoker.java:138)
	at org.testng.TestRunner.beforeRun(TestRunner.java:641)
	at org.testng.TestRunner.run(TestRunner.java:609)
	at org.testng.SuiteRunner.runTest(SuiteRunner.java:348)
	at org.testng.SuiteRunner.runSequentially(SuiteRunner.java:343)
	at org.testng.SuiteRunner.privateRun(SuiteRunner.java:305)
	at org.testng.SuiteRunner.run(SuiteRunner.java:254)
	at org.testng.SuiteRunnerWorker.runSuite(SuiteRunnerWorker.java:52)
	at org.testng.SuiteRunnerWorker.run(SuiteRunnerWorker.java:86)
	at org.testng.TestNG.runSuitesSequentially(TestNG.java:1224)
	at org.testng.TestNG.runSuitesLocally(TestNG.java:1149)
	at org.testng.TestNG.run(TestNG.java:1057)
	at org.testng.remote.AbstractRemoteTestNG.run(AbstractRemoteTestNG.java:114)
	at org.testng.remote.RemoteTestNG.initAndRun(RemoteTestNG.java:251)
	at org.testng.remote.RemoteTestNG.main(RemoteTestNG.java:77)
]]>
            </full-stacktrace>
          </exception> <!-- org.openqa.selenium.TimeoutException -->
          <reporter-output>
          </reporter-output>
        </test-method> <!-- beforeTest -->
        <test-method status="SKIP" signature="login(java.lang.String, java.lang.String)[pri:0, instance:com.accenture.testing.selenium.BookTicketTest@26653222]" name="login" duration-ms="2" started-at="2018-06-26T17:08:45Z" data-provider="logindata" finished-at="2018-06-26T17:08:45Z">
          <params>
            <param index="0">
              <value>
                <![CDATA[invalidUN]]>
              </value>
            </param>
            <param index="1">
              <value>
                <![CDATA[invalidPW]]>
              </value>
            </param>
          </params>
          <reporter-output>
          </reporter-output>
        </test-method> <!-- login -->
        <test-method status="SKIP" signature="login(java.lang.String, java.lang.String)[pri:0, instance:com.accenture.testing.selenium.BookTicketTest@26653222]" name="login" duration-ms="2" started-at="2018-06-26T17:08:45Z" data-provider="logindata" finished-at="2018-06-26T17:08:45Z">
          <params>
            <param index="0">
              <value>
                <![CDATA[invalidUN]]>
              </value>
            </param>
            <param index="1">
              <value>
                <![CDATA[invalidPW]]>
              </value>
            </param>
          </params>
          <reporter-output>
          </reporter-output>
        </test-method> <!-- login -->
        <test-method status="SKIP" signature="login(java.lang.String, java.lang.String)[pri:0, instance:com.accenture.testing.selenium.BookTicketTest@26653222]" name="login" duration-ms="6" started-at="2018-06-26T17:08:45Z" data-provider="logindata" finished-at="2018-06-26T17:08:45Z">
          <params>
            <param index="0">
              <value>
                <![CDATA[invalidUN]]>
              </value>
            </param>
            <param index="1">
              <value>
                <![CDATA[invalidPW]]>
              </value>
            </param>
          </params>
          <reporter-output>
          </reporter-output>
        </test-method> <!-- login -->
        <test-method status="SKIP" signature="findFlightDetails()[pri:0, instance:com.accenture.testing.selenium.BookTicketTest@26653222]" name="findFlightDetails" duration-ms="2" started-at="2018-06-26T17:08:45Z" finished-at="2018-06-26T17:08:45Z">
          <reporter-output>
          </reporter-output>
        </test-method> <!-- findFlightDetails -->
        <test-method status="SKIP" signature="afterTest()[pri:0, instance:com.accenture.testing.selenium.BookTicketTest@26653222]" name="afterTest" is-config="true" duration-ms="0" started-at="2018-06-26T17:08:45Z" finished-at="2018-06-26T17:08:45Z">
          <reporter-output>
          </reporter-output>
        </test-method> <!-- afterTest -->
      </class> <!-- com.accenture.testing.selenium.BookTicketTest -->
    </test> <!-- Default test -->
  </suite> <!-- Default suite -->
</testng-results>
